INFO:root:2018-05-13 11:00:17 : 获取验证码：HZGC
INFO:root:2018-05-13 11:00:17 : 提交表单 验证码: HZGC
INFO:root:2018-05-13 11:00:17 : 登录成功
INFO:root:2018-05-13 11:00:17 : 缓存cookie: 2014510251626
INFO:root:2018-05-13 11:00:17 : 本次登录共请求验证码 1 次 提交表单 1 次
----------------------
INFO:root:2018-05-13 11:01:10 : 获取验证码：SPDV
INFO:root:2018-05-13 11:01:10 : 提交表单 验证码: SPDV
INFO:root:2018-05-13 11:01:11 : 登录成功
INFO:root:2018-05-13 11:01:11 : 缓存cookie: 2014510251626
INFO:root:2018-05-13 11:01:11 : 本次登录共请求验证码 1 次 提交表单 1 次
----------------------
INFO:root:2018-05-13 11:01:50 : 获取验证码：WSS6
INFO:root:2018-05-13 11:01:50 : 提交表单 验证码: WSS6
INFO:root:2018-05-13 11:01:50 : 登录成功
INFO:root:2018-05-13 11:01:50 : 缓存cookie: 2014510251626
INFO:root:2018-05-13 11:01:50 : 本次登录共请求验证码 1 次 提交表单 1 次
----------------------
INFO:root:2018-05-13 11:07:05 : 获取验证码：1
INFO:root:2018-05-13 11:07:05 : 重新加载验证码 (并没有提交表单)
INFO:root:2018-05-13 11:07:05 : 获取验证码：1
INFO:root:2018-05-13 11:07:05 : 重新加载验证码 (并没有提交表单)
INFO:root:2018-05-13 11:07:06 : 获取验证码：AHE5
INFO:root:2018-05-13 11:07:06 : 提交表单 验证码: AHE5
INFO:root:2018-05-13 11:07:06 : 验证码错误
INFO:root:2018-05-13 11:07:06 : 获取验证码：1
INFO:root:2018-05-13 11:07:06 : 重新加载验证码 (并没有提交表单)
INFO:root:2018-05-13 11:07:06 : 获取验证码：1
INFO:root:2018-05-13 11:07:06 : 重新加载验证码 (并没有提交表单)
INFO:root:2018-05-13 11:07:06 : 获取验证码：1
INFO:root:2018-05-13 11:07:06 : 重新加载验证码 (并没有提交表单)
INFO:root:2018-05-13 11:07:07 : 获取验证码：1
INFO:root:2018-05-13 11:07:07 : 重新加载验证码 (并没有提交表单)
INFO:root:2018-05-13 11:07:07 : 获取验证码：1
INFO:root:2018-05-13 11:07:07 : 重新加载验证码 (并没有提交表单)
INFO:root:2018-05-13 11:07:07 : 获取验证码：1
INFO:root:2018-05-13 11:07:07 : 重新加载验证码 (并没有提交表单)
INFO:root:2018-05-13 11:07:08 : 获取验证码：1
INFO:root:2018-05-13 11:07:08 : 重新加载验证码 (并没有提交表单)
INFO:root:2018-05-13 11:07:08 : 获取验证码：MRX4
INFO:root:2018-05-13 11:07:08 : 提交表单 验证码: MRX4
INFO:root:2018-05-13 11:07:08 : 登录成功
INFO:root:2018-05-13 11:07:08 : 缓存cookie: 2014510251626
INFO:root:2018-05-13 11:07:08 : 本次登录共请求验证码 11 次 提交表单 2 次
----------------------
INFO:root:2018-05-13 11:07:29 : 获取验证码：1
INFO:root:2018-05-13 11:07:29 : 重新加载验证码 (并没有提交表单)
INFO:root:2018-05-13 11:07:29 : 获取验证码：TT3F
INFO:root:2018-05-13 11:07:29 : 提交表单 验证码: TT3F
INFO:root:2018-05-13 11:07:30 : 登录成功
INFO:root:2018-05-13 11:07:30 : 缓存cookie: 2014510251626
INFO:root:2018-05-13 11:07:30 : 本次登录共请求验证码 2 次 提交表单 1 次
----------------------
INFO:root:2018-05-13 11:08:18 : 获取验证码：1
INFO:root:2018-05-13 11:08:18 : 重新加载验证码 (并没有提交表单)
INFO:root:2018-05-13 11:08:18 : 获取验证码：K5sQ
INFO:root:2018-05-13 11:08:18 : 提交表单 验证码: K5sQ
INFO:root:2018-05-13 11:08:18 : 登录成功
INFO:root:2018-05-13 11:08:18 : 缓存cookie: 2014510251626
INFO:root:2018-05-13 11:08:18 : 本次登录共请求验证码 2 次 提交表单 1 次
----------------------
INFO:root:2018-05-13 11:08:19 : 获取成绩 2014510251626 
----------------------
INFO:root:2018-05-13 11:12:22 : 获取验证码：1
INFO:root:2018-05-13 11:12:22 : 重新加载验证码 (并没有提交表单)
INFO:root:2018-05-13 11:12:22 : 获取验证码：1
INFO:root:2018-05-13 11:12:22 : 重新加载验证码 (并没有提交表单)
INFO:root:2018-05-13 11:12:23 : 获取验证码：TNWF
INFO:root:2018-05-13 11:12:23 : 提交表单 验证码: TNWF
INFO:root:2018-05-13 11:12:23 : 账号密码不正确 2014510251626
INFO:root:2018-05-13 11:12:47 : 获取验证码：1
INFO:root:2018-05-13 11:12:47 : 重新加载验证码 (并没有提交表单)
INFO:root:2018-05-13 11:12:47 : 获取验证码：1
INFO:root:2018-05-13 11:12:47 : 重新加载验证码 (并没有提交表单)
INFO:root:2018-05-13 11:12:47 : 获取验证码：VTKP
INFO:root:2018-05-13 11:12:47 : 提交表单 验证码: VTKP
INFO:root:2018-05-13 11:12:48 : 账号密码不正确 2014510251626
